  main.cpp
c:\program files (x86)\microsoft visual studio\2017\community\vc\tools\msvc\14.14.26428\include\thr\xthread(238): error C2672: 'std::invoke': 일치하는 오버로드된 함수가 없습니다.
  c:\program files (x86)\microsoft visual studio\2017\community\vc\tools\msvc\14.14.26428\include\thr\xthread(246): note: 컴파일 중인 함수 템플릿 인스턴스화 'void std::_LaunchPad<_Target>::_Execute<0,1,2>(std::tuple<void (__thiscall Controller::* )(int &),std::reference_wrapper<int>,Controller *> &,std::integer_sequence<_Ty,0,1,2>)'에 대한 참조를 확인하십시오.
          with
          [
              _Target=std::unique_ptr<std::tuple<void (__thiscall Controller::* )(int &),std::reference_wrapper<int>,Controller *>,std::default_delete<std::tuple<void (__thiscall Controller::* )(int &),std::reference_wrapper<int>,Controller *>>>,
              _Ty=size_t
          ]
  c:\program files (x86)\microsoft visual studio\2017\community\vc\tools\msvc\14.14.26428\include\thr\xthread(245): note: 컴파일 중인 함수 템플릿 인스턴스화 'void std::_LaunchPad<_Target>::_Execute<0,1,2>(std::tuple<void (__thiscall Controller::* )(int &),std::reference_wrapper<int>,Controller *> &,std::integer_sequence<_Ty,0,1,2>)'에 대한 참조를 확인하십시오.
          with
          [
              _Target=std::unique_ptr<std::tuple<void (__thiscall Controller::* )(int &),std::reference_wrapper<int>,Controller *>,std::default_delete<std::tuple<void (__thiscall Controller::* )(int &),std::reference_wrapper<int>,Controller *>>>,
              _Ty=size_t
          ]
  c:\program files (x86)\microsoft visual studio\2017\community\vc\tools\msvc\14.14.26428\include\thr\xthread(242): note: 클래스 템플릿 멤버 함수 'void std::_LaunchPad<_Target>::_Run(std::_LaunchPad<_Target> *) noexcept'을(를) 컴파일하고 있습니다.
          with
          [
              _Target=std::unique_ptr<std::tuple<void (__thiscall Controller::* )(int &),std::reference_wrapper<int>,Controller *>,std::default_delete<std::tuple<void (__thiscall Controller::* )(int &),std::reference_wrapper<int>,Controller *>>>
          ]
  c:\program files (x86)\microsoft visual studio\2017\community\vc\tools\msvc\14.14.26428\include\thr\xthread(230): note: 컴파일 중인 함수 템플릿 인스턴스화 'void std::_LaunchPad<_Target>::_Run(std::_LaunchPad<_Target> *) noexcept'에 대한 참조를 확인하십시오.
          with
          [
              _Target=std::unique_ptr<std::tuple<void (__thiscall Controller::* )(int &),std::reference_wrapper<int>,Controller *>,std::default_delete<std::tuple<void (__thiscall Controller::* )(int &),std::reference_wrapper<int>,Controller *>>>
          ]
  c:\program files (x86)\microsoft visual studio\2017\community\vc\tools\msvc\14.14.26428\include\thr\xthread(257): note: 컴파일 중인 클래스 템플릿 인스턴스화 'std::_LaunchPad<_Target>'에 대한 참조를 확인하세요.
          with
          [
              _Target=std::unique_ptr<std::tuple<void (__thiscall Controller::* )(int &),std::reference_wrapper<int>,Controller *>,std::default_delete<std::tuple<void (__thiscall Controller::* )(int &),std::reference_wrapper<int>,Controller *>>>
          ]
  c:\program files (x86)\microsoft visual studio\2017\community\vc\tools\msvc\14.14.26428\include\thread(46): note: 컴파일 중인 함수 템플릿 인스턴스화 'void std::_Launch<std::unique_ptr<std::tuple<void (__thiscall Controller::* )(int &),std::reference_wrapper<int>,Controller *>,std::default_delete<_Ty>>>(_Thrd_t *,_Target &&)'에 대한 참조를 확인하십시오.
          with
          [
              _Ty=std::tuple<void (__thiscall Controller::* )(int &),std::reference_wrapper<int>,Controller *>,
              _Target=std::unique_ptr<std::tuple<void (__thiscall Controller::* )(int &),std::reference_wrapper<int>,Controller *>,std::default_delete<std::tuple<void (__thiscall Controller::* )(int &),std::reference_wrapper<int>,Controller *>>>
          ]
  c:\users\ghdtj\desktop\os_practice\os_project_dma\os_project_dma\main.cpp(44): note: 컴파일 중인 함수 템플릿 인스턴스화 'std::thread::thread<void(__thiscall Controller::* )(int &),std::reference_wrapper<int>,Controller*,void>(_Fn &&,std::reference_wrapper<int> &&,Controller *&&)'에 대한 참조를 확인하십시오.
          with
          [
              _Fn=void (__thiscall Controller::* )(int &)
          ]
c:\program files (x86)\microsoft visual studio\2017\community\vc\tools\msvc\14.14.26428\include\thr\xthread(237): error C2893: 'unknown-type std::invoke(_Callable &&,_Types &&...) noexcept(<expr>)' 함수 템플릿을 특수화하지 못했습니다.
  c:\program files (x86)\microsoft visual studio\2017\community\vc\tools\msvc\14.14.26428\include\thr\xthread(237): note: 다음 템플릿 인수 사용:
  c:\program files (x86)\microsoft visual studio\2017\community\vc\tools\msvc\14.14.26428\include\thr\xthread(237): note: '_Callable=void (__thiscall Controller::* )(int &)'
  c:\program files (x86)\microsoft visual studio\2017\community\vc\tools\msvc\14.14.26428\include\thr\xthread(237): note: '_Types={std::reference_wrapper<int>, Controller *}'
